<?xml version="1.0" encoding="UTF-8"?>
<testsuite xmlns:xsi="http://www.w3.org/2001/XMLSchema-instance" xsi:noNamespaceSchemaLocation="https://maven.apache.org/surefire/maven-surefire-plugin/xsd/surefire-test-report.xsd" name="com.senac.SenacSpring.SenacSpringApplicationTests" time="5.6" tests="1" errors="0" skipped="0" failures="0">
  <properties>
    <property name="java.specification.version" value="18"/>
    <property name="sun.jnu.encoding" value="UTF-8"/>
    <property name="java.class.path" value="/Users/Alysson/GitHub/SenacSpring/target/test-classes:/Users/Alysson/GitHub/SenacSpring/target/classes:/Users/Alysson/.m2/repository/org/springframework/boot/spring-boot-starter-web/3.0.0-SNAPSHOT/spring-boot-starter-web-3.0.0-SNAPSHOT.jar:/Users/Alysson/.m2/repository/org/springframework/boot/spring-boot-starter/3.0.0-SNAPSHOT/spring-boot-starter-3.0.0-SNAPSHOT.jar:/Users/Alysson/.m2/repository/org/springframework/boot/spring-boot-starter-logging/3.0.0-SNAPSHOT/spring-boot-starter-logging-3.0.0-SNAPSHOT.jar:/Users/Alysson/.m2/repository/ch/qos/logback/logback-classic/1.4.4/logback-classic-1.4.4.jar:/Users/Alysson/.m2/repository/ch/qos/logback/logback-core/1.4.4/logback-core-1.4.4.jar:/Users/Alysson/.m2/repository/org/apache/logging/log4j/log4j-to-slf4j/2.19.0/log4j-to-slf4j-2.19.0.jar:/Users/Alysson/.m2/repository/org/apache/logging/log4j/log4j-api/2.19.0/log4j-api-2.19.0.jar:/Users/Alysson/.m2/repository/org/slf4j/jul-to-slf4j/2.0.3/jul-to-slf4j-2.0.3.jar:/Users/Alysson/.m2/repository/jakarta/annotation/jakarta.annotation-api/2.0.0/jakarta.annotation-api-2.0.0.jar:/Users/Alysson/.m2/repository/org/yaml/snakeyaml/1.33/snakeyaml-1.33.jar:/Users/Alysson/.m2/repository/org/springframework/boot/spring-boot-starter-json/3.0.0-SNAPSHOT/spring-boot-starter-json-3.0.0-SNAPSHOT.jar:/Users/Alysson/.m2/repository/com/fasterxml/jackson/core/jackson-databind/2.14.0-rc2/jackson-databind-2.14.0-rc2.jar:/Users/Alysson/.m2/repository/com/fasterxml/jackson/core/jackson-annotations/2.14.0-rc2/jackson-annotations-2.14.0-rc2.jar:/Users/Alysson/.m2/repository/com/fasterxml/jackson/core/jackson-core/2.14.0-rc2/jackson-core-2.14.0-rc2.jar:/Users/Alysson/.m2/repository/com/fasterxml/jackson/datatype/jackson-datatype-jdk8/2.14.0-rc2/jackson-datatype-jdk8-2.14.0-rc2.jar:/Users/Alysson/.m2/repository/com/fasterxml/jackson/datatype/jackson-datatype-jsr310/2.14.0-rc2/jackson-datatype-jsr310-2.14.0-rc2.jar:/Users/Alysson/.m2/repository/com/fasterxml/jackson/module/jackson-module-parameter-names/2.14.0-rc2/jackson-module-parameter-names-2.14.0-rc2.jar:/Users/Alysson/.m2/repository/org/springframework/boot/spring-boot-starter-tomcat/3.0.0-SNAPSHOT/spring-boot-starter-tomcat-3.0.0-SNAPSHOT.jar:/Users/Alysson/.m2/repository/org/apache/tomcat/embed/tomcat-embed-core/10.0.27/tomcat-embed-core-10.0.27.jar:/Users/Alysson/.m2/repository/org/apache/tomcat/embed/tomcat-embed-el/10.0.27/tomcat-embed-el-10.0.27.jar:/Users/Alysson/.m2/repository/org/apache/tomcat/embed/tomcat-embed-websocket/10.0.27/tomcat-embed-websocket-10.0.27.jar:/Users/Alysson/.m2/repository/org/springframework/spring-web/6.0.0-SNAPSHOT/spring-web-6.0.0-SNAPSHOT.jar:/Users/Alysson/.m2/repository/org/springframework/spring-beans/6.0.0-SNAPSHOT/spring-beans-6.0.0-SNAPSHOT.jar:/Users/Alysson/.m2/repository/io/micrometer/micrometer-observation/1.10.0-RC1/micrometer-observation-1.10.0-RC1.jar:/Users/Alysson/.m2/repository/io/micrometer/micrometer-commons/1.10.0-RC1/micrometer-commons-1.10.0-RC1.jar:/Users/Alysson/.m2/repository/org/springframework/spring-webmvc/6.0.0-SNAPSHOT/spring-webmvc-6.0.0-SNAPSHOT.jar:/Users/Alysson/.m2/repository/org/springframework/spring-aop/6.0.0-SNAPSHOT/spring-aop-6.0.0-SNAPSHOT.jar:/Users/Alysson/.m2/repository/org/springframework/spring-context/6.0.0-SNAPSHOT/spring-context-6.0.0-SNAPSHOT.jar:/Users/Alysson/.m2/repository/org/springframework/spring-expression/6.0.0-SNAPSHOT/spring-expression-6.0.0-SNAPSHOT.jar:/Users/Alysson/.m2/repository/org/springframework/boot/spring-boot-devtools/3.0.0-SNAPSHOT/spring-boot-devtools-3.0.0-SNAPSHOT.jar:/Users/Alysson/.m2/repository/org/springframework/boot/spring-boot/3.0.0-SNAPSHOT/spring-boot-3.0.0-SNAPSHOT.jar:/Users/Alysson/.m2/repository/org/springframework/boot/spring-boot-autoconfigure/3.0.0-SNAPSHOT/spring-boot-autoconfigure-3.0.0-SNAPSHOT.jar:/Users/Alysson/.m2/repository/org/springframework/boot/spring-boot-starter-test/3.0.0-SNAPSHOT/spring-boot-starter-test-3.0.0-SNAPSHOT.jar:/Users/Alysson/.m2/repository/org/springframework/boot/spring-boot-test/3.0.0-SNAPSHOT/spring-boot-test-3.0.0-SNAPSHOT.jar:/Users/Alysson/.m2/repository/org/springframework/boot/spring-boot-test-autoconfigure/3.0.0-SNAPSHOT/spring-boot-test-autoconfigure-3.0.0-SNAPSHOT.jar:/Users/Alysson/.m2/repository/com/jayway/jsonpath/json-path/2.7.0/json-path-2.7.0.jar:/Users/Alysson/.m2/repository/net/minidev/json-smart/2.4.8/json-smart-2.4.8.jar:/Users/Alysson/.m2/repository/net/minidev/accessors-smart/2.4.8/accessors-smart-2.4.8.jar:/Users/Alysson/.m2/repository/org/ow2/asm/asm/9.1/asm-9.1.jar:/Users/Alysson/.m2/repository/org/slf4j/slf4j-api/2.0.3/slf4j-api-2.0.3.jar:/Users/Alysson/.m2/repository/jakarta/xml/bind/jakarta.xml.bind-api/3.0.1/jakarta.xml.bind-api-3.0.1.jar:/Users/Alysson/.m2/repository/com/sun/activation/jakarta.activation/2.0.1/jakarta.activation-2.0.1.jar:/Users/Alysson/.m2/repository/org/assertj/assertj-core/3.23.1/assertj-core-3.23.1.jar:/Users/Alysson/.m2/repository/net/bytebuddy/byte-buddy/1.12.18/byte-buddy-1.12.18.jar:/Users/Alysson/.m2/repository/org/hamcrest/hamcrest/2.2/hamcrest-2.2.jar:/Users/Alysson/.m2/repository/org/junit/jupiter/junit-jupiter/5.9.1/junit-jupiter-5.9.1.jar:/Users/Alysson/.m2/repository/org/junit/jupiter/junit-jupiter-api/5.9.1/junit-jupiter-api-5.9.1.jar:/Users/Alysson/.m2/repository/org/opentest4j/opentest4j/1.2.0/opentest4j-1.2.0.jar:/Users/Alysson/.m2/repository/org/junit/platform/junit-platform-commons/1.9.1/junit-platform-commons-1.9.1.jar:/Users/Alysson/.m2/repository/org/apiguardian/apiguardian-api/1.1.2/apiguardian-api-1.1.2.jar:/Users/Alysson/.m2/repository/org/junit/jupiter/junit-jupiter-params/5.9.1/junit-jupiter-params-5.9.1.jar:/Users/Alysson/.m2/repository/org/junit/jupiter/junit-jupiter-engine/5.9.1/junit-jupiter-engine-5.9.1.jar:/Users/Alysson/.m2/repository/org/junit/platform/junit-platform-engine/1.9.1/junit-platform-engine-1.9.1.jar:/Users/Alysson/.m2/repository/org/mockito/mockito-core/4.8.1/mockito-core-4.8.1.jar:/Users/Alysson/.m2/repository/net/bytebuddy/byte-buddy-agent/1.12.18/byte-buddy-agent-1.12.18.jar:/Users/Alysson/.m2/repository/org/objenesis/objenesis/3.2/objenesis-3.2.jar:/Users/Alysson/.m2/repository/org/mockito/mockito-junit-jupiter/4.8.1/mockito-junit-jupiter-4.8.1.jar:/Users/Alysson/.m2/repository/org/skyscreamer/jsonassert/1.5.1/jsonassert-1.5.1.jar:/Users/Alysson/.m2/repository/com/vaadin/external/google/android-json/0.0.20131108.vaadin1/android-json-0.0.20131108.vaadin1.jar:/Users/Alysson/.m2/repository/org/springframework/spring-core/6.0.0-SNAPSHOT/spring-core-6.0.0-SNAPSHOT.jar:/Users/Alysson/.m2/repository/org/springframework/spring-jcl/6.0.0-SNAPSHOT/spring-jcl-6.0.0-SNAPSHOT.jar:/Users/Alysson/.m2/repository/org/springframework/spring-test/6.0.0-SNAPSHOT/spring-test-6.0.0-SNAPSHOT.jar:/Users/Alysson/.m2/repository/org/xmlunit/xmlunit-core/2.9.0/xmlunit-core-2.9.0.jar:"/>
    <property name="java.vm.vendor" value="Oracle Corporation"/>
    <property name="sun.arch.data.model" value="64"/>
    <property name="java.vendor.url" value="https://java.oracle.com/"/>
    <property name="os.name" value="Mac OS X"/>
    <property name="java.vm.specification.version" value="18"/>
    <property name="sun.java.launcher" value="SUN_STANDARD"/>
    <property name="user.country" value="BR"/>
    <property name="sun.boot.library.path" value="/Users/Alysson/Library/Java/JavaVirtualMachines/openjdk-18.0.2.1/Contents/Home/lib"/>
    <property name="sun.java.command" value="/Users/Alysson/GitHub/SenacSpring/target/surefire/surefirebooter7061665850990028864.jar /Users/Alysson/GitHub/SenacSpring/target/surefire 2022-10-31T18-36-07_622-jvmRun1 surefire8020905435775722489tmp surefire_010653981448172135152tmp"/>
    <property name="http.nonProxyHosts" value="local|*.local|169.254/16|*.169.254/16"/>
    <property name="jdk.debug" value="release"/>
    <property name="surefire.test.class.path" value="/Users/Alysson/GitHub/SenacSpring/target/test-classes:/Users/Alysson/GitHub/SenacSpring/target/classes:/Users/Alysson/.m2/repository/org/springframework/boot/spring-boot-starter-web/3.0.0-SNAPSHOT/spring-boot-starter-web-3.0.0-SNAPSHOT.jar:/Users/Alysson/.m2/repository/org/springframework/boot/spring-boot-starter/3.0.0-SNAPSHOT/spring-boot-starter-3.0.0-SNAPSHOT.jar:/Users/Alysson/.m2/repository/org/springframework/boot/spring-boot-starter-logging/3.0.0-SNAPSHOT/spring-boot-starter-logging-3.0.0-SNAPSHOT.jar:/Users/Alysson/.m2/repository/ch/qos/logback/logback-classic/1.4.4/logback-classic-1.4.4.jar:/Users/Alysson/.m2/repository/ch/qos/logback/logback-core/1.4.4/logback-core-1.4.4.jar:/Users/Alysson/.m2/repository/org/apache/logging/log4j/log4j-to-slf4j/2.19.0/log4j-to-slf4j-2.19.0.jar:/Users/Alysson/.m2/repository/org/apache/logging/log4j/log4j-api/2.19.0/log4j-api-2.19.0.jar:/Users/Alysson/.m2/repository/org/slf4j/jul-to-slf4j/2.0.3/jul-to-slf4j-2.0.3.jar:/Users/Alysson/.m2/repository/jakarta/annotation/jakarta.annotation-api/2.0.0/jakarta.annotation-api-2.0.0.jar:/Users/Alysson/.m2/repository/org/yaml/snakeyaml/1.33/snakeyaml-1.33.jar:/Users/Alysson/.m2/repository/org/springframework/boot/spring-boot-starter-json/3.0.0-SNAPSHOT/spring-boot-starter-json-3.0.0-SNAPSHOT.jar:/Users/Alysson/.m2/repository/com/fasterxml/jackson/core/jackson-databind/2.14.0-rc2/jackson-databind-2.14.0-rc2.jar:/Users/Alysson/.m2/repository/com/fasterxml/jackson/core/jackson-annotations/2.14.0-rc2/jackson-annotations-2.14.0-rc2.jar:/Users/Alysson/.m2/repository/com/fasterxml/jackson/core/jackson-core/2.14.0-rc2/jackson-core-2.14.0-rc2.jar:/Users/Alysson/.m2/repository/com/fasterxml/jackson/datatype/jackson-datatype-jdk8/2.14.0-rc2/jackson-datatype-jdk8-2.14.0-rc2.jar:/Users/Alysson/.m2/repository/com/fasterxml/jackson/datatype/jackson-datatype-jsr310/2.14.0-rc2/jackson-datatype-jsr310-2.14.0-rc2.jar:/Users/Alysson/.m2/repository/com/fasterxml/jackson/module/jackson-module-parameter-names/2.14.0-rc2/jackson-module-parameter-names-2.14.0-rc2.jar:/Users/Alysson/.m2/repository/org/springframework/boot/spring-boot-starter-tomcat/3.0.0-SNAPSHOT/spring-boot-starter-tomcat-3.0.0-SNAPSHOT.jar:/Users/Alysson/.m2/repository/org/apache/tomcat/embed/tomcat-embed-core/10.0.27/tomcat-embed-core-10.0.27.jar:/Users/Alysson/.m2/repository/org/apache/tomcat/embed/tomcat-embed-el/10.0.27/tomcat-embed-el-10.0.27.jar:/Users/Alysson/.m2/repository/org/apache/tomcat/embed/tomcat-embed-websocket/10.0.27/tomcat-embed-websocket-10.0.27.jar:/Users/Alysson/.m2/repository/org/springframework/spring-web/6.0.0-SNAPSHOT/spring-web-6.0.0-SNAPSHOT.jar:/Users/Alysson/.m2/repository/org/springframework/spring-beans/6.0.0-SNAPSHOT/spring-beans-6.0.0-SNAPSHOT.jar:/Users/Alysson/.m2/repository/io/micrometer/micrometer-observation/1.10.0-RC1/micrometer-observation-1.10.0-RC1.jar:/Users/Alysson/.m2/repository/io/micrometer/micrometer-commons/1.10.0-RC1/micrometer-commons-1.10.0-RC1.jar:/Users/Alysson/.m2/repository/org/springframework/spring-webmvc/6.0.0-SNAPSHOT/spring-webmvc-6.0.0-SNAPSHOT.jar:/Users/Alysson/.m2/repository/org/springframework/spring-aop/6.0.0-SNAPSHOT/spring-aop-6.0.0-SNAPSHOT.jar:/Users/Alysson/.m2/repository/org/springframework/spring-context/6.0.0-SNAPSHOT/spring-context-6.0.0-SNAPSHOT.jar:/Users/Alysson/.m2/repository/org/springframework/spring-expression/6.0.0-SNAPSHOT/spring-expression-6.0.0-SNAPSHOT.jar:/Users/Alysson/.m2/repository/org/springframework/boot/spring-boot-devtools/3.0.0-SNAPSHOT/spring-boot-devtools-3.0.0-SNAPSHOT.jar:/Users/Alysson/.m2/repository/org/springframework/boot/spring-boot/3.0.0-SNAPSHOT/spring-boot-3.0.0-SNAPSHOT.jar:/Users/Alysson/.m2/repository/org/springframework/boot/spring-boot-autoconfigure/3.0.0-SNAPSHOT/spring-boot-autoconfigure-3.0.0-SNAPSHOT.jar:/Users/Alysson/.m2/repository/org/springframework/boot/spring-boot-starter-test/3.0.0-SNAPSHOT/spring-boot-starter-test-3.0.0-SNAPSHOT.jar:/Users/Alysson/.m2/repository/org/springframework/boot/spring-boot-test/3.0.0-SNAPSHOT/spring-boot-test-3.0.0-SNAPSHOT.jar:/Users/Alysson/.m2/repository/org/springframework/boot/spring-boot-test-autoconfigure/3.0.0-SNAPSHOT/spring-boot-test-autoconfigure-3.0.0-SNAPSHOT.jar:/Users/Alysson/.m2/repository/com/jayway/jsonpath/json-path/2.7.0/json-path-2.7.0.jar:/Users/Alysson/.m2/repository/net/minidev/json-smart/2.4.8/json-smart-2.4.8.jar:/Users/Alysson/.m2/repository/net/minidev/accessors-smart/2.4.8/accessors-smart-2.4.8.jar:/Users/Alysson/.m2/repository/org/ow2/asm/asm/9.1/asm-9.1.jar:/Users/Alysson/.m2/repository/org/slf4j/slf4j-api/2.0.3/slf4j-api-2.0.3.jar:/Users/Alysson/.m2/repository/jakarta/xml/bind/jakarta.xml.bind-api/3.0.1/jakarta.xml.bind-api-3.0.1.jar:/Users/Alysson/.m2/repository/com/sun/activation/jakarta.activation/2.0.1/jakarta.activation-2.0.1.jar:/Users/Alysson/.m2/repository/org/assertj/assertj-core/3.23.1/assertj-core-3.23.1.jar:/Users/Alysson/.m2/repository/net/bytebuddy/byte-buddy/1.12.18/byte-buddy-1.12.18.jar:/Users/Alysson/.m2/repository/org/hamcrest/hamcrest/2.2/hamcrest-2.2.jar:/Users/Alysson/.m2/repository/org/junit/jupiter/junit-jupiter/5.9.1/junit-jupiter-5.9.1.jar:/Users/Alysson/.m2/repository/org/junit/jupiter/junit-jupiter-api/5.9.1/junit-jupiter-api-5.9.1.jar:/Users/Alysson/.m2/repository/org/opentest4j/opentest4j/1.2.0/opentest4j-1.2.0.jar:/Users/Alysson/.m2/repository/org/junit/platform/junit-platform-commons/1.9.1/junit-platform-commons-1.9.1.jar:/Users/Alysson/.m2/repository/org/apiguardian/apiguardian-api/1.1.2/apiguardian-api-1.1.2.jar:/Users/Alysson/.m2/repository/org/junit/jupiter/junit-jupiter-params/5.9.1/junit-jupiter-params-5.9.1.jar:/Users/Alysson/.m2/repository/org/junit/jupiter/junit-jupiter-engine/5.9.1/junit-jupiter-engine-5.9.1.jar:/Users/Alysson/.m2/repository/org/junit/platform/junit-platform-engine/1.9.1/junit-platform-engine-1.9.1.jar:/Users/Alysson/.m2/repository/org/mockito/mockito-core/4.8.1/mockito-core-4.8.1.jar:/Users/Alysson/.m2/repository/net/bytebuddy/byte-buddy-agent/1.12.18/byte-buddy-agent-1.12.18.jar:/Users/Alysson/.m2/repository/org/objenesis/objenesis/3.2/objenesis-3.2.jar:/Users/Alysson/.m2/repository/org/mockito/mockito-junit-jupiter/4.8.1/mockito-junit-jupiter-4.8.1.jar:/Users/Alysson/.m2/repository/org/skyscreamer/jsonassert/1.5.1/jsonassert-1.5.1.jar:/Users/Alysson/.m2/repository/com/vaadin/external/google/android-json/0.0.20131108.vaadin1/android-json-0.0.20131108.vaadin1.jar:/Users/Alysson/.m2/repository/org/springframework/spring-core/6.0.0-SNAPSHOT/spring-core-6.0.0-SNAPSHOT.jar:/Users/Alysson/.m2/repository/org/springframework/spring-jcl/6.0.0-SNAPSHOT/spring-jcl-6.0.0-SNAPSHOT.jar:/Users/Alysson/.m2/repository/org/springframework/spring-test/6.0.0-SNAPSHOT/spring-test-6.0.0-SNAPSHOT.jar:/Users/Alysson/.m2/repository/org/xmlunit/xmlunit-core/2.9.0/xmlunit-core-2.9.0.jar:"/>
    <property name="sun.cpu.endian" value="little"/>
    <property name="user.home" value="/Users/Alysson"/>
    <property name="user.language" value="pt"/>
    <property name="java.specification.vendor" value="Oracle Corporation"/>
    <property name="java.version.date" value="2022-08-18"/>
    <property name="java.home" value="/Users/Alysson/Library/Java/JavaVirtualMachines/openjdk-18.0.2.1/Contents/Home"/>
    <property name="file.separator" value="/"/>
    <property name="basedir" value="/Users/Alysson/GitHub/SenacSpring"/>
    <property name="java.vm.compressedOopsMode" value="Zero based"/>
    <property name="line.separator" value="&#10;"/>
    <property name="java.vm.specification.vendor" value="Oracle Corporation"/>
    <property name="java.specification.name" value="Java Platform API Specification"/>
    <property name="apple.awt.application.name" value="ForkedBooter"/>
    <property name="surefire.real.class.path" value="/Users/Alysson/GitHub/SenacSpring/target/surefire/surefirebooter7061665850990028864.jar"/>
    <property name="sun.management.compiler" value="HotSpot 64-Bit Tiered Compilers"/>
    <property name="ftp.nonProxyHosts" value="local|*.local|169.254/16|*.169.254/16"/>
    <property name="java.runtime.version" value="18.0.2.1+1-1"/>
    <property name="user.name" value="Alysson"/>
    <property name="path.separator" value=":"/>
    <property name="os.version" value="10.15.7"/>
    <property name="java.runtime.name" value="OpenJDK Runtime Environment"/>
    <property name="file.encoding" value="UTF-8"/>
    <property name="java.vm.name" value="OpenJDK 64-Bit Server VM"/>
    <property name="localRepository" value="/Users/Alysson/.m2/repository"/>
    <property name="java.vendor.url.bug" value="https://bugreport.java.com/bugreport/"/>
    <property name="java.io.tmpdir" value="/var/folders/_2/bfd4b6v10z5_3zft48hxv5pw0000gp/T/"/>
    <property name="idea.version" value="2022.2.3"/>
    <property name="java.version" value="18.0.2.1"/>
    <property name="user.dir" value="/Users/Alysson/GitHub/SenacSpring"/>
    <property name="os.arch" value="x86_64"/>
    <property name="java.vm.specification.name" value="Java Virtual Machine Specification"/>
    <property name="native.encoding" value="UTF-8"/>
    <property name="java.library.path" value="/Users/Alysson/Library/Java/Extensions:/Library/Java/Extensions:/Network/Library/Java/Extensions:/System/Library/Java/Extensions:/usr/lib/java:."/>
    <property name="java.vm.info" value="mixed mode, sharing"/>
    <property name="java.vendor" value="Oracle Corporation"/>
    <property name="java.vm.version" value="18.0.2.1+1-1"/>
    <property name="sun.io.unicode.encoding" value="UnicodeBig"/>
    <property name="socksNonProxyHosts" value="local|*.local|169.254/16|*.169.254/16"/>
    <property name="java.class.version" value="62.0"/>
  </properties>
  <testcase name="contextLoads" classname="com.senac.SenacSpring.SenacSpringApplicationTests" time="0.959"/>
</testsuite>